-------------------------------------------------------------------------------
Test set: com.omkar.app.AppTest
-------------------------------------------------------------------------------
Tests run: 2, Failures: 1, Errors: 0, Skipped: 0, Time elapsed: 0.058 s <<< FAILURE! - in com.omkar.app.AppTest
shouldAnswerWithTrue(com.omkar.app.AppTest)  Time elapsed: 0.017 s  <<< FAILURE!
org.junit.ComparisonFailure: Basic Query Generated expected:<..., age FROM Employees[]> but was:<..., age FROM Employees[ WHERE  INNER JOIN  ON  ORDER BY *]>
	at com.omkar.app.AppTest.shouldAnswerWithTrue(AppTest.java:22)

