<?xml version="1.0" encoding="UTF-8"?>
<testsuite xmlns:xsi="http://www.w3.org/2001/XMLSchema-instance" xsi:noNamespaceSchemaLocation="https://maven.apache.org/surefire/maven-surefire-plugin/xsd/surefire-test-report.xsd" name="com.omkar.app.AppTest" time="0.058" tests="2" errors="0" skipped="0" failures="1">
  <properties>
[...]
</properties>
  <testcase name="shouldAnswerWithTrue" classname="com.omkar.app.AppTest" time="0.017">
    <failure message="Basic Query Generated expected:&lt;..., age FROM Employees[]&gt; but was:&lt;..., age FROM Employees[ WHERE  INNER JOIN  ON  ORDER BY *]&gt;" type="org.junit.ComparisonFailure"><![CDATA[org.junit.ComparisonFailure: Basic Query Generated expected:<..., age FROM Employees[]> but was:<..., age FROM Employees[ WHERE  INNER JOIN  ON  ORDER BY *]>
	at com.omkar.app.AppTest.shouldAnswerWithTrue(AppTest.java:22)
]]></failure>
  </testcase>
  <testcase name="testQuerySpacing" classname="com.omkar.app.AppTest" time="0"/>
</testsuite>